<?xml version="1.0" encoding="UTF-8" ?>
<testsuite failures="0" time="7.023" errors="0" skipped="0" tests="1" name="TestSuite">
  <properties>
    <property name="java.runtime.name" value="Java(TM) SE Runtime Environment"/>
    <property name="sun.boot.library.path" value="c:\Program Files\Java\jdk1.7.0_15\jre\bin"/>
    <property name="java.vm.version" value="23.7-b01"/>
    <property name="java.vm.vendor" value="Oracle Corporation"/>
    <property name="java.vendor.url" value="http://java.oracle.com/"/>
    <property name="path.separator" value=";"/>
    <property name="java.vm.name" value="Java HotSpot(TM) 64-Bit Server VM"/>
    <property name="file.encoding.pkg" value="sun.io"/>
    <property name="user.script" value=""/>
    <property name="user.country" value="RU"/>
    <property name="sun.java.launcher" value="SUN_STANDARD"/>
    <property name="sun.os.patch.level" value="Service Pack 1"/>
    <property name="java.vm.specification.name" value="Java Virtual Machine Specification"/>
    <property name="user.dir" value="c:\temp\selenium_and_java\selenium-java-training-barancev"/>
    <property name="java.runtime.version" value="1.7.0_15-b03"/>
    <property name="java.awt.graphicsenv" value="sun.awt.Win32GraphicsEnvironment"/>
    <property name="basedir" value="c:\temp\selenium_and_java\selenium-java-training-barancev"/>
    <property name="java.endorsed.dirs" value="c:\Program Files\Java\jdk1.7.0_15\jre\lib\endorsed"/>
    <property name="os.arch" value="amd64"/>
    <property name="surefire.real.class.path" value="c:\temp\selenium_and_java\selenium-java-training-barancev\target\surefire\surefirebooter6166437928228761778.jar"/>
    <property name="java.io.tmpdir" value="C:\Users\alexei\AppData\Local\Temp\"/>
    <property name="line.separator" value="
"/>
    <property name="java.vm.specification.vendor" value="Oracle Corporation"/>
    <property name="user.variant" value=""/>
    <property name="os.name" value="Windows 7"/>
    <property name="sun.jnu.encoding" value="Cp1251"/>
    <property name="java.library.path" value="c:\Program Files\Java\jdk1.7.0_15\jre\bin;C:\windows\Sun\Java\bin;C:\windows\system32;C:\windows;C:\Perl64\site\bin;C:\Perl64\bin;C:\windows\system32;C:\windows;C:\windows\System32\Wbem;C:\windows\System32\WindowsPowerShell\v1.0\;C:\Program Files (x86)\CollabNet\Subversion Client;C:\Program Files\TortoiseSVN\bin;C:\Program Files (x86)\Bitvise Tunnelier;c:\Program Files (x86)\Opera\;c:\Program Files (x86)\Safari\;C:\Program Files\TortoiseHg\;C:\Program Files (x86)\Groovy\Groovy-1.8.6\bin;C:\Program Files\TortoiseGit\bin;c:\Program Files\Java\jdk1.7.0_15\\bin\;C:\Program Files\EmEditor;C:\Program Files\Gallio\bin;c:\Ruby193\bin\;C:\Tools;c:\Python27\;c:\Python27\Scripts\;c:\Tools\Java\apache-maven-3.0.3\bin\;c:\Tools\Java\apache-ant-1.8.2\bin\;C:\Program Files (x86)\AutoIt3;C:\Program Files (x86)\OpenVPN\bin;C:\Tools\SecTesting\w3af;."/>
    <property name="surefire.test.class.path" value="c:\temp\selenium_and_java\selenium-java-training-barancev\target\test-classes;c:\temp\selenium_and_java\selenium-java-training-barancev\target\classes;C:\Users\alexei\.m2\repository\org\testng\testng\6.8\testng-6.8.jar;C:\Users\alexei\.m2\repository\org\beanshell\bsh\2.0b4\bsh-2.0b4.jar;C:\Users\alexei\.m2\repository\com\beust\jcommander\1.27\jcommander-1.27.jar;C:\Users\alexei\.m2\repository\org\yaml\snakeyaml\1.6\snakeyaml-1.6.jar;C:\Users\alexei\.m2\repository\junit\junit\4.11\junit-4.11.jar;C:\Users\alexei\.m2\repository\org\hamcrest\hamcrest-core\1.3\hamcrest-core-1.3.jar;C:\Users\alexei\.m2\repository\org\seleniumhq\selenium\selenium-java\2.31.0\selenium-java-2.31.0.jar;C:\Users\alexei\.m2\repository\org\seleniumhq\selenium\selenium-android-driver\2.31.0\selenium-android-driver-2.31.0.jar;C:\Users\alexei\.m2\repository\org\seleniumhq\selenium\selenium-remote-driver\2.31.0\selenium-remote-driver-2.31.0.jar;C:\Users\alexei\.m2\repository\cglib\cglib-nodep\2.1_3\cglib-nodep-2.1_3.jar;C:\Users\alexei\.m2\repository\org\json\json\20080701\json-20080701.jar;C:\Users\alexei\.m2\repository\org\seleniumhq\selenium\selenium-chrome-driver\2.31.0\selenium-chrome-driver-2.31.0.jar;C:\Users\alexei\.m2\repository\org\seleniumhq\selenium\selenium-htmlunit-driver\2.31.0\selenium-htmlunit-driver-2.31.0.jar;C:\Users\alexei\.m2\repository\org\seleniumhq\selenium\selenium-api\2.31.0\selenium-api-2.31.0.jar;C:\Users\alexei\.m2\repository\net\sourceforge\htmlunit\htmlunit\2.11\htmlunit-2.11.jar;C:\Users\alexei\.m2\repository\xalan\xalan\2.7.1\xalan-2.7.1.jar;C:\Users\alexei\.m2\repository\xalan\serializer\2.7.1\serializer-2.7.1.jar;C:\Users\alexei\.m2\repository\commons-collections\commons-collections\3.2.1\commons-collections-3.2.1.jar;C:\Users\alexei\.m2\repository\org\apache\commons\commons-lang3\3.1\commons-lang3-3.1.jar;C:\Users\alexei\.m2\repository\org\apache\httpcomponents\httpmime\4.2.2\httpmime-4.2.2.jar;C:\Users\alexei\.m2\repository\commons-codec\commons-codec\1.7\commons-codec-1.7.jar;C:\Users\alexei\.m2\repository\net\sourceforge\htmlunit\htmlunit-core-js\2.11\htmlunit-core-js-2.11.jar;C:\Users\alexei\.m2\repository\xerces\xercesImpl\2.10.0\xercesImpl-2.10.0.jar;C:\Users\alexei\.m2\repository\xml-apis\xml-apis\1.4.01\xml-apis-1.4.01.jar;C:\Users\alexei\.m2\repository\net\sourceforge\nekohtml\nekohtml\1.9.17\nekohtml-1.9.17.jar;C:\Users\alexei\.m2\repository\net\sourceforge\cssparser\cssparser\0.9.8\cssparser-0.9.8.jar;C:\Users\alexei\.m2\repository\org\w3c\css\sac\1.3\sac-1.3.jar;C:\Users\alexei\.m2\repository\commons-logging\commons-logging\1.1.1\commons-logging-1.1.1.jar;C:\Users\alexei\.m2\repository\org\eclipse\jetty\jetty-websocket\8.1.7.v20120910\jetty-websocket-8.1.7.v20120910.jar;C:\Users\alexei\.m2\repository\org\eclipse\jetty\jetty-util\8.1.7.v20120910\jetty-util-8.1.7.v20120910.jar;C:\Users\alexei\.m2\repository\org\eclipse\jetty\jetty-io\8.1.7.v20120910\jetty-io-8.1.7.v20120910.jar;C:\Users\alexei\.m2\repository\org\eclipse\jetty\jetty-http\8.1.7.v20120910\jetty-http-8.1.7.v20120910.jar;C:\Users\alexei\.m2\repository\org\apache\httpcomponents\httpclient\4.2.1\httpclient-4.2.1.jar;C:\Users\alexei\.m2\repository\org\apache\httpcomponents\httpcore\4.2.1\httpcore-4.2.1.jar;C:\Users\alexei\.m2\repository\org\seleniumhq\selenium\selenium-firefox-driver\2.31.0\selenium-firefox-driver-2.31.0.jar;C:\Users\alexei\.m2\repository\commons-io\commons-io\2.2\commons-io-2.2.jar;C:\Users\alexei\.m2\repository\org\seleniumhq\selenium\selenium-ie-driver\2.31.0\selenium-ie-driver-2.31.0.jar;C:\Users\alexei\.m2\repository\net\java\dev\jna\jna\3.4.0\jna-3.4.0.jar;C:\Users\alexei\.m2\repository\net\java\dev\jna\platform\3.4.0\platform-3.4.0.jar;C:\Users\alexei\.m2\repository\org\seleniumhq\selenium\selenium-iphone-driver\2.31.0\selenium-iphone-driver-2.31.0.jar;C:\Users\alexei\.m2\repository\org\seleniumhq\selenium\selenium-safari-driver\2.31.0\selenium-safari-driver-2.31.0.jar;C:\Users\alexei\.m2\repository\org\seleniumhq\selenium\selenium-support\2.31.0\selenium-support-2.31.0.jar;C:\Users\alexei\.m2\repository\org\webbitserver\webbit\0.4.14\webbit-0.4.14.jar;C:\Users\alexei\.m2\repository\io\netty\netty\3.5.2.Final\netty-3.5.2.Final.jar;C:\Users\alexei\.m2\repository\com\opera\operadriver\1.2\operadriver-1.2.jar;C:\Users\alexei\.m2\repository\com\opera\operalaunchers\1.1\operalaunchers-1.1.jar;C:\Users\alexei\.m2\repository\com\google\protobuf\protobuf-java\2.4.1\protobuf-java-2.4.1.jar;C:\Users\alexei\.m2\repository\com\google\guava\guava\13.0.1\guava-13.0.1.jar;C:\Users\alexei\.m2\repository\commons-jxpath\commons-jxpath\1.3\commons-jxpath-1.3.jar;C:\Users\alexei\.m2\repository\org\apache\commons\commons-exec\1.1\commons-exec-1.1.jar;C:\Users\alexei\.m2\repository\org\ini4j\ini4j\0.5.2\ini4j-0.5.2.jar;"/>
    <property name="java.specification.name" value="Java Platform API Specification"/>
    <property name="java.class.version" value="51.0"/>
    <property name="sun.management.compiler" value="HotSpot 64-Bit Tiered Compilers"/>
    <property name="os.version" value="6.1"/>
    <property name="user.home" value="C:\Users\alexei"/>
    <property name="user.timezone" value="Europe/Moscow"/>
    <property name="java.awt.printerjob" value="sun.awt.windows.WPrinterJob"/>
    <property name="java.specification.version" value="1.7"/>
    <property name="file.encoding" value="Cp1251"/>
    <property name="user.name" value="alexei"/>
    <property name="java.class.path" value="c:\temp\selenium_and_java\selenium-java-training-barancev\target\test-classes;c:\temp\selenium_and_java\selenium-java-training-barancev\target\classes;C:\Users\alexei\.m2\repository\org\testng\testng\6.8\testng-6.8.jar;C:\Users\alexei\.m2\repository\org\beanshell\bsh\2.0b4\bsh-2.0b4.jar;C:\Users\alexei\.m2\repository\com\beust\jcommander\1.27\jcommander-1.27.jar;C:\Users\alexei\.m2\repository\org\yaml\snakeyaml\1.6\snakeyaml-1.6.jar;C:\Users\alexei\.m2\repository\junit\junit\4.11\junit-4.11.jar;C:\Users\alexei\.m2\repository\org\hamcrest\hamcrest-core\1.3\hamcrest-core-1.3.jar;C:\Users\alexei\.m2\repository\org\seleniumhq\selenium\selenium-java\2.31.0\selenium-java-2.31.0.jar;C:\Users\alexei\.m2\repository\org\seleniumhq\selenium\selenium-android-driver\2.31.0\selenium-android-driver-2.31.0.jar;C:\Users\alexei\.m2\repository\org\seleniumhq\selenium\selenium-remote-driver\2.31.0\selenium-remote-driver-2.31.0.jar;C:\Users\alexei\.m2\repository\cglib\cglib-nodep\2.1_3\cglib-nodep-2.1_3.jar;C:\Users\alexei\.m2\repository\org\json\json\20080701\json-20080701.jar;C:\Users\alexei\.m2\repository\org\seleniumhq\selenium\selenium-chrome-driver\2.31.0\selenium-chrome-driver-2.31.0.jar;C:\Users\alexei\.m2\repository\org\seleniumhq\selenium\selenium-htmlunit-driver\2.31.0\selenium-htmlunit-driver-2.31.0.jar;C:\Users\alexei\.m2\repository\org\seleniumhq\selenium\selenium-api\2.31.0\selenium-api-2.31.0.jar;C:\Users\alexei\.m2\repository\net\sourceforge\htmlunit\htmlunit\2.11\htmlunit-2.11.jar;C:\Users\alexei\.m2\repository\xalan\xalan\2.7.1\xalan-2.7.1.jar;C:\Users\alexei\.m2\repository\xalan\serializer\2.7.1\serializer-2.7.1.jar;C:\Users\alexei\.m2\repository\commons-collections\commons-collections\3.2.1\commons-collections-3.2.1.jar;C:\Users\alexei\.m2\repository\org\apache\commons\commons-lang3\3.1\commons-lang3-3.1.jar;C:\Users\alexei\.m2\repository\org\apache\httpcomponents\httpmime\4.2.2\httpmime-4.2.2.jar;C:\Users\alexei\.m2\repository\commons-codec\commons-codec\1.7\commons-codec-1.7.jar;C:\Users\alexei\.m2\repository\net\sourceforge\htmlunit\htmlunit-core-js\2.11\htmlunit-core-js-2.11.jar;C:\Users\alexei\.m2\repository\xerces\xercesImpl\2.10.0\xercesImpl-2.10.0.jar;C:\Users\alexei\.m2\repository\xml-apis\xml-apis\1.4.01\xml-apis-1.4.01.jar;C:\Users\alexei\.m2\repository\net\sourceforge\nekohtml\nekohtml\1.9.17\nekohtml-1.9.17.jar;C:\Users\alexei\.m2\repository\net\sourceforge\cssparser\cssparser\0.9.8\cssparser-0.9.8.jar;C:\Users\alexei\.m2\repository\org\w3c\css\sac\1.3\sac-1.3.jar;C:\Users\alexei\.m2\repository\commons-logging\commons-logging\1.1.1\commons-logging-1.1.1.jar;C:\Users\alexei\.m2\repository\org\eclipse\jetty\jetty-websocket\8.1.7.v20120910\jetty-websocket-8.1.7.v20120910.jar;C:\Users\alexei\.m2\repository\org\eclipse\jetty\jetty-util\8.1.7.v20120910\jetty-util-8.1.7.v20120910.jar;C:\Users\alexei\.m2\repository\org\eclipse\jetty\jetty-io\8.1.7.v20120910\jetty-io-8.1.7.v20120910.jar;C:\Users\alexei\.m2\repository\org\eclipse\jetty\jetty-http\8.1.7.v20120910\jetty-http-8.1.7.v20120910.jar;C:\Users\alexei\.m2\repository\org\apache\httpcomponents\httpclient\4.2.1\httpclient-4.2.1.jar;C:\Users\alexei\.m2\repository\org\apache\httpcomponents\httpcore\4.2.1\httpcore-4.2.1.jar;C:\Users\alexei\.m2\repository\org\seleniumhq\selenium\selenium-firefox-driver\2.31.0\selenium-firefox-driver-2.31.0.jar;C:\Users\alexei\.m2\repository\commons-io\commons-io\2.2\commons-io-2.2.jar;C:\Users\alexei\.m2\repository\org\seleniumhq\selenium\selenium-ie-driver\2.31.0\selenium-ie-driver-2.31.0.jar;C:\Users\alexei\.m2\repository\net\java\dev\jna\jna\3.4.0\jna-3.4.0.jar;C:\Users\alexei\.m2\repository\net\java\dev\jna\platform\3.4.0\platform-3.4.0.jar;C:\Users\alexei\.m2\repository\org\seleniumhq\selenium\selenium-iphone-driver\2.31.0\selenium-iphone-driver-2.31.0.jar;C:\Users\alexei\.m2\repository\org\seleniumhq\selenium\selenium-safari-driver\2.31.0\selenium-safari-driver-2.31.0.jar;C:\Users\alexei\.m2\repository\org\seleniumhq\selenium\selenium-support\2.31.0\selenium-support-2.31.0.jar;C:\Users\alexei\.m2\repository\org\webbitserver\webbit\0.4.14\webbit-0.4.14.jar;C:\Users\alexei\.m2\repository\io\netty\netty\3.5.2.Final\netty-3.5.2.Final.jar;C:\Users\alexei\.m2\repository\com\opera\operadriver\1.2\operadriver-1.2.jar;C:\Users\alexei\.m2\repository\com\opera\operalaunchers\1.1\operalaunchers-1.1.jar;C:\Users\alexei\.m2\repository\com\google\protobuf\protobuf-java\2.4.1\protobuf-java-2.4.1.jar;C:\Users\alexei\.m2\repository\com\google\guava\guava\13.0.1\guava-13.0.1.jar;C:\Users\alexei\.m2\repository\commons-jxpath\commons-jxpath\1.3\commons-jxpath-1.3.jar;C:\Users\alexei\.m2\repository\org\apache\commons\commons-exec\1.1\commons-exec-1.1.jar;C:\Users\alexei\.m2\repository\org\ini4j\ini4j\0.5.2\ini4j-0.5.2.jar;"/>
    <property name="java.vm.specification.version" value="1.7"/>
    <property name="sun.arch.data.model" value="64"/>
    <property name="java.home" value="c:\Program Files\Java\jdk1.7.0_15\jre"/>
    <property name="sun.java.command" value="c:\temp\selenium_and_java\selenium-java-training-barancev\target\surefire\surefirebooter6166437928228761778.jar c:\temp\selenium_and_java\selenium-java-training-barancev\target\surefire\surefire7461750689005041284tmp c:\temp\selenium_and_java\selenium-java-training-barancev\target\surefire\surefire6906954739258508675tmp"/>
    <property name="java.specification.vendor" value="Oracle Corporation"/>
    <property name="user.language" value="ru"/>
    <property name="awt.toolkit" value="sun.awt.windows.WToolkit"/>
    <property name="java.vm.info" value="mixed mode"/>
    <property name="java.version" value="1.7.0_15"/>
    <property name="java.ext.dirs" value="c:\Program Files\Java\jdk1.7.0_15\jre\lib\ext;C:\windows\Sun\Java\lib\ext"/>
    <property name="sun.boot.class.path" value="c:\Program Files\Java\jdk1.7.0_15\jre\lib\resources.jar;c:\Program Files\Java\jdk1.7.0_15\jre\lib\rt.jar;c:\Program Files\Java\jdk1.7.0_15\jre\lib\sunrsasign.jar;c:\Program Files\Java\jdk1.7.0_15\jre\lib\jsse.jar;c:\Program Files\Java\jdk1.7.0_15\jre\lib\jce.jar;c:\Program Files\Java\jdk1.7.0_15\jre\lib\charsets.jar;c:\Program Files\Java\jdk1.7.0_15\jre\lib\jfr.jar;c:\Program Files\Java\jdk1.7.0_15\jre\classes"/>
    <property name="java.vendor" value="Oracle Corporation"/>
    <property name="localRepository" value="C:\Users\alexei\.m2\repository"/>
    <property name="file.separator" value="\"/>
    <property name="java.vendor.url.bug" value="http://bugreport.sun.com/bugreport/"/>
    <property name="sun.cpu.endian" value="little"/>
    <property name="sun.io.unicode.encoding" value="UnicodeLittle"/>
    <property name="sun.desktop" value="windows"/>
    <property name="sun.cpu.isalist" value="amd64"/>
  </properties>
  <testcase time="4.025" classname="ru.st.selenium.LoginTest" name="testUntitled"/>
</testsuite>