<?xml version="1.0" encoding="UTF-8"?>
<!-- Generated by org.testng.reporters.JUnitReportReporter -->
<testsuite hostname="alexei-pc" name="ru.st.selenium.pages.HomePageTest" tests="1" failures="0" timestamp="12 Mar 2013 13:36:12 GMT" time="0.002" errors="0">
  <testcase name="test2" time="0.002" classname="ru.st.selenium.pages.HomePageTest"/>
</testsuite> <!-- ru.st.selenium.pages.HomePageTest -->
