<?xml version="1.0" encoding="UTF-8"?>
<!-- Generated by org.testng.reporters.JUnitReportReporter -->
<testsuite hostname="alexei-pc" name="ru.st.selenium.LoginTest" tests="1" failures="0" timestamp="12 Mar 2013 14:58:22 GMT" time="4.026" errors="0">
  <testcase name="testUntitled" time="4.026" classname="ru.st.selenium.LoginTest"/>
</testsuite> <!-- ru.st.selenium.LoginTest -->
